<?xml version="1.0" encoding="UTF-8" ?>
<testsuite failures="0" time="0.033" errors="0" skipped="0" tests="1" name="jp.co.rakuten.roma.spybased_client.AppTest">
  <properties>
    <property name="java.runtime.name" value="Java(TM) SE Runtime Environment"/>
    <property name="sun.boot.library.path" value="/usr/java/jdk1.6.0_14/jre/lib/i386"/>
    <property name="java.vm.version" value="14.0-b16"/>
    <property name="java.vm.vendor" value="Sun Microsystems Inc."/>
    <property name="java.vendor.url" value="http://java.sun.com/"/>
    <property name="path.separator" value=":"/>
    <property name="java.vm.name" value="Java HotSpot(TM) Server VM"/>
    <property name="file.encoding.pkg" value="sun.io"/>
    <property name="user.country" value="JP"/>
    <property name="sun.java.launcher" value="SUN_STANDARD"/>
    <property name="sun.os.patch.level" value="unknown"/>
    <property name="java.vm.specification.name" value="Java Virtual Machine Specification"/>
    <property name="user.dir" value="/home/crumb/dev/git/roma-client/spybased-client"/>
    <property name="java.runtime.version" value="1.6.0_14-b08"/>
    <property name="java.awt.graphicsenv" value="sun.awt.X11GraphicsEnvironment"/>
    <property name="basedir" value="/home/crumb/dev/git/roma-client/spybased-client"/>
    <property name="java.endorsed.dirs" value="/usr/java/jdk1.6.0_14/jre/lib/endorsed"/>
    <property name="os.arch" value="i386"/>
    <property name="surefire.real.class.path" value="/tmp/surefirebooter5247044670777071312.jar"/>
    <property name="java.io.tmpdir" value="/tmp"/>
    <property name="line.separator" value="
"/>
    <property name="java.vm.specification.vendor" value="Sun Microsystems Inc."/>
    <property name="os.name" value="Linux"/>
    <property name="sun.jnu.encoding" value="UTF-8"/>
    <property name="java.library.path" value="/usr/java/jdk1.6.0_14/jre/lib/i386/server:/usr/java/jdk1.6.0_14/jre/lib/i386:/usr/java/jdk1.6.0_14/jre/../lib/i386:/usr/local/instantclient_11_1:/usr/local/apache2/lib:/usr/local/pgsql/lib:/usr/local/openssl/lib:/home/crumb/sfw/lib:/usr/local/lib::/usr/java/packages/lib/i386:/lib:/usr/lib"/>
    <property name="surefire.test.class.path" value="/home/crumb/dev/git/roma-client/spybased-client/target/test-classes:/home/crumb/dev/git/roma-client/spybased-client/target/classes:/home/crumb/.m2/repository/junit/junit/3.8.1/junit-3.8.1.jar:/home/crumb/.m2/repository/net/arnx/jsonic/1.1.2/jsonic-1.1.2.jar:/home/crumb/.m2/repository/log4j/log4j/1.2.14/log4j-1.2.14.jar:"/>
    <property name="java.specification.name" value="Java Platform API Specification"/>
    <property name="java.class.version" value="50.0"/>
    <property name="sun.management.compiler" value="HotSpot Tiered Compilers"/>
    <property name="os.version" value="2.6.29.6-217.2.3.fc11.i586"/>
    <property name="user.home" value="/home/crumb"/>
    <property name="user.timezone" value=""/>
    <property name="java.awt.printerjob" value="sun.print.PSPrinterJob"/>
    <property name="file.encoding" value="UTF-8"/>
    <property name="java.specification.version" value="1.6"/>
    <property name="user.name" value="crumb"/>
    <property name="java.class.path" value="/home/crumb/dev/git/roma-client/spybased-client/target/test-classes:/home/crumb/dev/git/roma-client/spybased-client/target/classes:/home/crumb/.m2/repository/junit/junit/3.8.1/junit-3.8.1.jar:/home/crumb/.m2/repository/net/arnx/jsonic/1.1.2/jsonic-1.1.2.jar:/home/crumb/.m2/repository/log4j/log4j/1.2.14/log4j-1.2.14.jar:"/>
    <property name="java.vm.specification.version" value="1.0"/>
    <property name="sun.arch.data.model" value="32"/>
    <property name="java.home" value="/usr/java/jdk1.6.0_14/jre"/>
    <property name="java.specification.vendor" value="Sun Microsystems Inc."/>
    <property name="user.language" value="ja"/>
    <property name="java.vm.info" value="mixed mode"/>
    <property name="java.version" value="1.6.0_14"/>
    <property name="java.ext.dirs" value="/usr/java/jdk1.6.0_14/jre/lib/ext:/usr/java/packages/lib/ext"/>
    <property name="sun.boot.class.path" value="/usr/java/jdk1.6.0_14/jre/lib/resources.jar:/usr/java/jdk1.6.0_14/jre/lib/rt.jar:/usr/java/jdk1.6.0_14/jre/lib/sunrsasign.jar:/usr/java/jdk1.6.0_14/jre/lib/jsse.jar:/usr/java/jdk1.6.0_14/jre/lib/jce.jar:/usr/java/jdk1.6.0_14/jre/lib/charsets.jar:/usr/java/jdk1.6.0_14/jre/classes"/>
    <property name="java.vendor" value="Sun Microsystems Inc."/>
    <property name="localRepository" value="/home/crumb/.m2/repository"/>
    <property name="file.separator" value="/"/>
    <property name="java.vendor.url.bug" value="http://java.sun.com/cgi-bin/bugreport.cgi"/>
    <property name="sun.cpu.endian" value="little"/>
    <property name="sun.io.unicode.encoding" value="UnicodeLittle"/>
    <property name="sun.desktop" value="gnome"/>
    <property name="sun.cpu.isalist" value=""/>
  </properties>
  <testcase time="0.004" classname="jp.co.rakuten.roma.spybased_client.AppTest" name="testApp"/>
</testsuite>